<?xml version="1.0" encoding="UTF-8"?>
<!-- Generated by org.testng.reporters.JUnitXMLReporter -->
<testsuite hostname="DESKTOP-9UV5T45" ignored="0" name="Test" tests="1" failures="1" timestamp="2019-10-29T13:45:51 IST" time="24.179" errors="0">
  <testcase name="testValidLoginLogout" time="10.196" classname="com.actiTime.tests.ValidLoginLogoutTest">
    <failure type="java.lang.AssertionError" message="null">
      <![CDATA[java.lang.AssertionError: null
at com.actiTime.generic.BasePage.verifyTitle(BasePage.java:37)
at com.actiTime.pages.ActiTIMELoginPage.verifyPageTitle(ActiTIMELoginPage.java:48)
at com.actiTime.tests.ValidLoginLogoutTest.testValidLoginLogout(ValidLoginLogoutTest.java:36)
at java.util.ArrayList.forEach(Unknown Source)
... Removed 29 stack frames]]>
    </failure>
  </testcase> <!-- testValidLoginLogout -->
</testsuite> <!-- Test -->
